\BOOKMARK [0][-]{chapter.1}{\376\377\0001\000\040\004\030\004\065\004\100\004\060\004\100\004\105\004\070\004\107\004\065\004\101\004\072\004\070\004\071\000\040\004\101\004\077\004\070\004\101\004\076\004\072\000\040\004\072\004\073\004\060\004\101\004\101\004\076\004\062}{}% 1
\BOOKMARK [1][-]{section.1.1}{\376\377\0001\000.\0001\000\040\004\030\004\065\004\100\004\060\004\100\004\105\004\070\004\117\000\040\004\072\004\073\004\060\004\101\004\101\004\076\004\062}{chapter.1}% 2
\BOOKMARK [0][-]{chapter.2}{\376\377\0002\000\040\004\020\004\073\004\104\004\060\004\062\004\070\004\102\004\075\004\113\004\071\000\040\004\103\004\072\004\060\004\067\004\060\004\102\004\065\004\073\004\114\000\040\004\072\004\073\004\060\004\101\004\101\004\076\004\062}{}% 3
\BOOKMARK [1][-]{section.2.1}{\376\377\0002\000.\0001\000\040\004\032\004\073\004\060\004\101\004\101\004\113}{chapter.2}% 4
\BOOKMARK [0][-]{chapter.3}{\376\377\0003\000\040\004\041\004\077\004\070\004\101\004\076\004\072\000\040\004\104\004\060\004\071\004\073\004\076\004\062}{}% 5
\BOOKMARK [1][-]{section.3.1}{\376\377\0003\000.\0001\000\040\004\044\004\060\004\071\004\073\004\113}{chapter.3}% 6
\BOOKMARK [0][-]{chapter.4}{\376\377\0004\000\040\004\032\004\073\004\060\004\101\004\101\004\113}{}% 7
\BOOKMARK [1][-]{section.4.1}{\376\377\0004\000.\0001\000\040\004\032\004\073\004\060\004\101\004\101\000\040\000C\000m\000d\000L\000i\000n\000e}{chapter.4}% 8
\BOOKMARK [2][-]{subsection.4.1.1}{\376\377\0004\000.\0001\000.\0001\000\040\004\034\004\065\004\102\004\076\004\064\004\113}{section.4.1}% 9
\BOOKMARK [3][-]{subsubsection.4.1.1.1}{\376\377\0004\000.\0001\000.\0001\000.\0001\000\040\000a\000d\000d\000P\000a\000r\000a\000m\000\050\000\051}{subsection.4.1.1}% 10
\BOOKMARK [3][-]{subsubsection.4.1.1.2}{\376\377\0004\000.\0001\000.\0001\000.\0002\000\040\000g\000e\000t\000I\000n\000t\000\050\000\051}{subsection.4.1.1}% 11
\BOOKMARK [3][-]{subsubsection.4.1.1.3}{\376\377\0004\000.\0001\000.\0001\000.\0003\000\040\000g\000e\000t\000S\000t\000r\000i\000n\000g\000\050\000\051}{subsection.4.1.1}% 12
\BOOKMARK [3][-]{subsubsection.4.1.1.4}{\376\377\0004\000.\0001\000.\0001\000.\0004\000\040\000i\000s\000H\000a\000s\000H\000e\000l\000p\000\050\000\051}{subsection.4.1.1}% 13
\BOOKMARK [3][-]{subsubsection.4.1.1.5}{\376\377\0004\000.\0001\000.\0001\000.\0005\000\040\000p\000a\000r\000s\000e\000\050\000\051}{subsection.4.1.1}% 14
\BOOKMARK [1][-]{section.4.2}{\376\377\0004\000.\0002\000\040\004\032\004\073\004\060\004\101\004\101\000\040\000C\000o\000m\000m\000u\000n\000i\000c\000a\000t\000i\000o\000n}{chapter.4}% 15
\BOOKMARK [2][-]{subsection.4.2.1}{\376\377\0004\000.\0002\000.\0001\000\040\004\037\004\076\004\064\004\100\004\076\004\061\004\075\004\076\004\065\000\040\004\076\004\077\004\070\004\101\004\060\004\075\004\070\004\065}{section.4.2}% 16
\BOOKMARK [2][-]{subsection.4.2.2}{\376\377\0004\000.\0002\000.\0002\000\040\004\034\004\065\004\102\004\076\004\064\004\113}{section.4.2}% 17
\BOOKMARK [3][-]{subsubsection.4.2.2.1}{\376\377\0004\000.\0002\000.\0002\000.\0001\000\040\000a\000u\000t\000o\000r\000i\000z\000e\000\050\000\051}{subsection.4.2.2}% 18
\BOOKMARK [3][-]{subsubsection.4.2.2.2}{\376\377\0004\000.\0002\000.\0002\000.\0002\000\040\000c\000r\000e\000a\000t\000e\000S\000o\000c\000k\000e\000t\000\050\000\051}{subsection.4.2.2}% 19
\BOOKMARK [3][-]{subsubsection.4.2.2.3}{\376\377\0004\000.\0002\000.\0002\000.\0003\000\040\000w\000a\000i\000t\000C\000l\000i\000e\000n\000t\000\050\000\051}{subsection.4.2.2}% 20
\BOOKMARK [1][-]{section.4.3}{\376\377\0004\000.\0003\000\040\004\032\004\073\004\060\004\101\004\101\000\040\000L\000o\000g\000g\000e\000r}{chapter.4}% 21
\BOOKMARK [2][-]{subsection.4.3.1}{\376\377\0004\000.\0003\000.\0001\000\040\004\037\004\076\004\064\004\100\004\076\004\061\004\075\004\076\004\065\000\040\004\076\004\077\004\070\004\101\004\060\004\075\004\070\004\065}{section.4.3}% 22
\BOOKMARK [2][-]{subsection.4.3.2}{\376\377\0004\000.\0003\000.\0002\000\040\004\034\004\065\004\102\004\076\004\064\004\113}{section.4.3}% 23
\BOOKMARK [3][-]{subsubsection.4.3.2.1}{\376\377\0004\000.\0003\000.\0002\000.\0001\000\040\000g\000e\000t\000\050\000\051}{subsection.4.3.2}% 24
\BOOKMARK [3][-]{subsubsection.4.3.2.2}{\376\377\0004\000.\0003\000.\0002\000.\0002\000\040\000g\000e\000t\000P\000t\000r\000\050\000\051}{subsection.4.3.2}% 25
\BOOKMARK [3][-]{subsubsection.4.3.2.3}{\376\377\0004\000.\0003\000.\0002\000.\0003\000\040\000i\000n\000f\000o\000\050\000\051}{subsection.4.3.2}% 26
\BOOKMARK [3][-]{subsubsection.4.3.2.4}{\376\377\0004\000.\0003\000.\0002\000.\0004\000\040\000I\000n\000i\000t\000i\000a\000l\000i\000z\000e\000\050\000\051}{subsection.4.3.2}% 27
\BOOKMARK [3][-]{subsubsection.4.3.2.5}{\376\377\0004\000.\0003\000.\0002\000.\0005\000\040\000s\000e\000r\000v\000e\000r\000E\000r\000r\000o\000r\000\050\000\051}{subsection.4.3.2}% 28
\BOOKMARK [1][-]{section.4.4}{\376\377\0004\000.\0004\000\040\004\032\004\073\004\060\004\101\004\101\000\040\000S\000e\000r\000v\000e\000r}{chapter.4}% 29
\BOOKMARK [2][-]{subsection.4.4.1}{\376\377\0004\000.\0004\000.\0001\000\040\004\037\004\076\004\064\004\100\004\076\004\061\004\075\004\076\004\065\000\040\004\076\004\077\004\070\004\101\004\060\004\075\004\070\004\065}{section.4.4}% 30
\BOOKMARK [2][-]{subsection.4.4.2}{\376\377\0004\000.\0004\000.\0002\000\040\004\034\004\065\004\102\004\076\004\064\004\113}{section.4.4}% 31
\BOOKMARK [3][-]{subsubsection.4.4.2.1}{\376\377\0004\000.\0004\000.\0002\000.\0001\000\040\000I\000n\000i\000t\000i\000a\000l\000i\000z\000e\000\050\000\051}{subsection.4.4.2}% 32
\BOOKMARK [1][-]{section.4.5}{\376\377\0004\000.\0005\000\040\004\032\004\073\004\060\004\101\004\101\000\040\000S\000e\000r\000v\000e\000r\000E\000r\000r\000o\000r}{chapter.4}% 33
\BOOKMARK [2][-]{subsection.4.5.1}{\376\377\0004\000.\0005\000.\0001\000\040\004\032\004\076\004\075\004\101\004\102\004\100\004\103\004\072\004\102\004\076\004\100\000\050\004\113\000\051}{section.4.5}% 34
\BOOKMARK [3][-]{subsubsection.4.5.1.1}{\376\377\0004\000.\0005\000.\0001\000.\0001\000\040\000S\000e\000r\000v\000e\000r\000E\000r\000r\000o\000r\000\050\000\051\000\040\000[\0001\000/\0002\000]}{subsection.4.5.1}% 35
\BOOKMARK [3][-]{subsubsection.4.5.1.2}{\376\377\0004\000.\0005\000.\0001\000.\0002\000\040\000S\000e\000r\000v\000e\000r\000E\000r\000r\000o\000r\000\050\000\051\000\040\000[\0002\000/\0002\000]}{subsection.4.5.1}% 36
\BOOKMARK [2][-]{subsection.4.5.2}{\376\377\0004\000.\0005\000.\0002\000\040\004\034\004\065\004\102\004\076\004\064\004\113}{section.4.5}% 37
\BOOKMARK [3][-]{subsubsection.4.5.2.1}{\376\377\0004\000.\0005\000.\0002\000.\0001\000\040\000g\000e\000t\000E\000r\000r\000o\000r\000L\000e\000v\000e\000l\000\050\000\051}{subsection.4.5.2}% 38
\BOOKMARK [1][-]{section.4.6}{\376\377\0004\000.\0006\000\040\004\032\004\073\004\060\004\101\004\101\000\040\000U\000s\000e\000r\000s\000P\000a\000r\000s\000e\000r}{chapter.4}% 39
\BOOKMARK [2][-]{subsection.4.6.1}{\376\377\0004\000.\0006\000.\0001\000\040\004\037\004\076\004\064\004\100\004\076\004\061\004\075\004\076\004\065\000\040\004\076\004\077\004\070\004\101\004\060\004\075\004\070\004\065}{section.4.6}% 40
\BOOKMARK [2][-]{subsection.4.6.2}{\376\377\0004\000.\0006\000.\0002\000\040\004\034\004\065\004\102\004\076\004\064\004\113}{section.4.6}% 41
\BOOKMARK [3][-]{subsubsection.4.6.2.1}{\376\377\0004\000.\0006\000.\0002\000.\0001\000\040\000g\000e\000t\000P\000a\000s\000s\000w\000o\000r\000d\000\050\000\051}{subsection.4.6.2}% 42
\BOOKMARK [3][-]{subsubsection.4.6.2.2}{\376\377\0004\000.\0006\000.\0002\000.\0002\000\040\000i\000s\000H\000a\000s\000U\000s\000e\000r\000\050\000\051}{subsection.4.6.2}% 43
\BOOKMARK [3][-]{subsubsection.4.6.2.3}{\376\377\0004\000.\0006\000.\0002\000.\0003\000\040\000p\000a\000r\000s\000e\000\050\000\051}{subsection.4.6.2}% 44
\BOOKMARK [0][-]{chapter.5}{\376\377\0005\000\040\004\044\004\060\004\071\004\073\004\113}{}% 45
\BOOKMARK [1][-]{section.5.1}{\376\377\0005\000.\0001\000\040\004\044\004\060\004\071\004\073\000\040\000C\000m\000d\000L\000i\000n\000e\000.\000h}{chapter.5}% 46
\BOOKMARK [2][-]{subsection.5.1.1}{\376\377\0005\000.\0001\000.\0001\000\040\004\037\004\076\004\064\004\100\004\076\004\061\004\075\004\076\004\065\000\040\004\076\004\077\004\070\004\101\004\060\004\075\004\070\004\065}{section.5.1}% 47
\BOOKMARK [2][-]{subsection.5.1.2}{\376\377\0005\000.\0001\000.\0002\000\040\004\037\004\065\004\100\004\065\004\107\004\070\004\101\004\073\004\065\004\075\004\070\004\117}{section.5.1}% 48
\BOOKMARK [3][-]{subsubsection.5.1.2.1}{\376\377\0005\000.\0001\000.\0002\000.\0001\000\040\000p\000a\000r\000a\000m\000\137\000t\000y\000p\000e}{subsection.5.1.2}% 49
\BOOKMARK [1][-]{section.5.2}{\376\377\0005\000.\0002\000\040\004\044\004\060\004\071\004\073\000\040\000C\000o\000m\000m\000u\000n\000i\000c\000a\000t\000i\000o\000n\000.\000h}{chapter.5}% 50
\BOOKMARK [2][-]{subsection.5.2.1}{\376\377\0005\000.\0002\000.\0001\000\040\004\037\004\076\004\064\004\100\004\076\004\061\004\075\004\076\004\065\000\040\004\076\004\077\004\070\004\101\004\060\004\075\004\070\004\065}{section.5.2}% 51
\BOOKMARK [1][-]{section.5.3}{\376\377\0005\000.\0003\000\040\004\044\004\060\004\071\004\073\000\040\000L\000o\000g\000g\000e\000r\000.\000h}{chapter.5}% 52
\BOOKMARK [2][-]{subsection.5.3.1}{\376\377\0005\000.\0003\000.\0001\000\040\004\037\004\076\004\064\004\100\004\076\004\061\004\075\004\076\004\065\000\040\004\076\004\077\004\070\004\101\004\060\004\075\004\070\004\065}{section.5.3}% 53
\BOOKMARK [1][-]{section.5.4}{\376\377\0005\000.\0004\000\040\004\044\004\060\004\071\004\073\000\040\000S\000e\000r\000v\000e\000r\000.\000h}{chapter.5}% 54
\BOOKMARK [2][-]{subsection.5.4.1}{\376\377\0005\000.\0004\000.\0001\000\040\004\037\004\076\004\064\004\100\004\076\004\061\004\075\004\076\004\065\000\040\004\076\004\077\004\070\004\101\004\060\004\075\004\070\004\065}{section.5.4}% 55
\BOOKMARK [1][-]{section.5.5}{\376\377\0005\000.\0005\000\040\004\044\004\060\004\071\004\073\000\040\000S\000e\000r\000v\000e\000r\000E\000r\000r\000o\000r\000.\000h}{chapter.5}% 56
\BOOKMARK [2][-]{subsection.5.5.1}{\376\377\0005\000.\0005\000.\0001\000\040\004\037\004\076\004\064\004\100\004\076\004\061\004\075\004\076\004\065\000\040\004\076\004\077\004\070\004\101\004\060\004\075\004\070\004\065}{section.5.5}% 57
\BOOKMARK [2][-]{subsection.5.5.2}{\376\377\0005\000.\0005\000.\0002\000\040\004\037\004\065\004\100\004\065\004\107\004\070\004\101\004\073\004\065\004\075\004\070\004\117}{section.5.5}% 58
\BOOKMARK [3][-]{subsubsection.5.5.2.1}{\376\377\0005\000.\0005\000.\0002\000.\0001\000\040\000E\000r\000r\000o\000r\000L\000e\000v\000e\000l}{subsection.5.5.2}% 59
\BOOKMARK [1][-]{section.5.6}{\376\377\0005\000.\0006\000\040\004\044\004\060\004\071\004\073\000\040\000U\000s\000e\000r\000s\000P\000a\000r\000s\000e\000r\000.\000h}{chapter.5}% 60
\BOOKMARK [2][-]{subsection.5.6.1}{\376\377\0005\000.\0006\000.\0001\000\040\004\037\004\076\004\064\004\100\004\076\004\061\004\075\004\076\004\065\000\040\004\076\004\077\004\070\004\101\004\060\004\075\004\070\004\065}{section.5.6}% 61
\BOOKMARK [0][-]{section*.29}{\376\377\004\037\004\100\004\065\004\064\004\074\004\065\004\102\004\075\004\113\004\071\000\040\004\103\004\072\004\060\004\067\004\060\004\102\004\065\004\073\004\114}{}% 62
